{"check":1,"timestamp":"2026-04-25T14:42:38.418Z","elapsed":0,"status":"healthy","uptime":29.4570028,"memory":{"heapUsed":110366024,"heapTotal":176369664,"percentUsed":62.58,"rss":235315200,"growthFromStart":0}}
{"check":1,"timestamp":"2026-04-25T14:43:16.966Z","elapsed":0,"status":"degraded","uptime":68.0047295,"memory":{"heapUsed":184842672,"heapTotal":195534848,"percentUsed":94.53,"rss":400842752,"growthFromStart":0}}
{"check":2,"timestamp":"2026-04-25T14:44:16.944Z","elapsed":60,"status":"degraded","uptime":127.9855227,"memory":{"heapUsed":185565136,"heapTotal":200437760,"percentUsed":92.58,"rss":455802880,"growthFromStart":-1.95}}
{"check":3,"timestamp":"2026-04-25T14:45:16.953Z","elapsed":120,"status":"degraded","uptime":187.9945741,"memory":{"heapUsed":186720688,"heapTotal":200437760,"percentUsed":93.16,"rss":456695808,"growthFromStart":-1.37}}
{"check":1,"timestamp":"2026-04-25T14:45:55.420Z","elapsed":0,"status":"unhealthy","uptime":226.459871,"memory":{"heapUsed":184586376,"heapTotal":193097728,"percentUsed":95.59,"rss":456712192,"growthFromStart":0}}
{"check":2,"timestamp":"2026-04-25T14:46:55.419Z","elapsed":60,"status":"unhealthy","uptime":286.460603,"memory":{"heapUsed":184934872,"heapTotal":193097728,"percentUsed":95.77,"rss":456810496,"growthFromStart":0.18}}
{"check":3,"timestamp":"2026-04-25T14:47:55.430Z","elapsed":120,"status":"degraded","uptime":346.4713547,"memory":{"heapUsed":211885432,"heapTotal":237924352,"percentUsed":89.06,"rss":450560000,"growthFromStart":-6.53}}
{"check":1,"timestamp":"2026-04-25T14:48:44.364Z","elapsed":0,"status":"healthy","uptime":395.4048629,"memory":{"heapUsed":187417800,"heapTotal":223584256,"percentUsed":83.82,"rss":425373696,"growthFromStart":0}}
{"check":1,"timestamp":"2026-04-25T14:49:50.104Z","elapsed":0,"status":"healthy","uptime":2.8985685,"memory":{"heapUsed":135108408,"heapTotal":242962432,"percentUsed":55.61,"rss":262021120,"growthFromStart":0}}
{"check":1,"timestamp":"2026-04-25T14:49:53.719Z","elapsed":0,"status":"healthy","uptime":2.8985685,"memory":{"heapUsed":135108408,"heapTotal":242962432,"percentUsed":55.61,"rss":262021120,"growthFromStart":0}}
{"check":1,"timestamp":"2026-04-25T14:49:55.026Z","elapsed":0,"status":"healthy","uptime":2.8985685,"memory":{"heapUsed":135108408,"heapTotal":242962432,"percentUsed":55.61,"rss":262021120,"growthFromStart":0}}
{"check":1,"timestamp":"2026-04-25T14:49:56.118Z","elapsed":0,"status":"healthy","uptime":8.9117637,"memory":{"heapUsed":114308888,"heapTotal":252350464,"percentUsed":45.3,"rss":299212800,"growthFromStart":0}}
{"check":1,"timestamp":"2026-04-25T14:49:59.583Z","elapsed":0,"status":"healthy","uptime":8.9117637,"memory":{"heapUsed":114308888,"heapTotal":252350464,"percentUsed":45.3,"rss":299212800,"growthFromStart":0}}
{"check":1,"timestamp":"2026-04-25T14:50:15.110Z","elapsed":0,"status":"healthy","uptime":27.9015539,"memory":{"heapUsed":266914880,"heapTotal":420708352,"percentUsed":63.44,"rss":720941056,"growthFromStart":0}}
{"check":2,"timestamp":"2026-04-25T14:51:15.106Z","elapsed":60,"status":"unhealthy","uptime":87.8987764,"memory":{"heapUsed":246670736,"heapTotal":257966080,"percentUsed":95.62,"rss":530100224,"growthFromStart":32.18}}
{"check":1,"timestamp":"2026-04-25T14:52:20.788Z","elapsed":0,"status":"healthy","uptime":2.8128764,"memory":{"heapUsed":150589144,"heapTotal":235712512,"percentUsed":63.89,"rss":266240000,"growthFromStart":0}}
{"check":1,"timestamp":"2026-04-25T14:53:17.733Z","elapsed":0,"status":"healthy","uptime":2.7178527,"memory":{"heapUsed":106252600,"heapTotal":235696128,"percentUsed":45.08,"rss":233082880,"growthFromStart":0}}
{"check":2,"timestamp":"2026-04-25T14:54:17.375Z","elapsed":60,"status":"unhealthy","uptime":62.3621192,"memory":{"heapUsed":197058472,"heapTotal":204947456,"percentUsed":96.15,"rss":431214592,"growthFromStart":51.07}}
{"check":3,"timestamp":"2026-04-25T14:55:17.389Z","elapsed":120,"status":"degraded","uptime":122.3767981,"memory":{"heapUsed":207664680,"heapTotal":230518784,"percentUsed":90.09,"rss":462516224,"growthFromStart":45.01}}
{"check":4,"timestamp":"2026-04-25T14:56:17.390Z","elapsed":180,"status":"degraded","uptime":182.3768314,"memory":{"heapUsed":190936464,"heapTotal":208502784,"percentUsed":91.58,"rss":462323712,"growthFromStart":46.5}}
{"check":5,"timestamp":"2026-04-25T14:57:17.399Z","elapsed":240,"status":"degraded","uptime":242.3859,"memory":{"heapUsed":190225392,"heapTotal":205357056,"percentUsed":92.63,"rss":462352384,"growthFromStart":47.55}}
{"check":6,"timestamp":"2026-04-25T14:58:17.417Z","elapsed":300,"status":"degraded","uptime":302.4046909,"memory":{"heapUsed":190418192,"heapTotal":205357056,"percentUsed":92.73,"rss":462467072,"growthFromStart":47.65}}
{"check":7,"timestamp":"2026-04-25T14:59:17.423Z","elapsed":360,"status":"degraded","uptime":362.4103254,"memory":{"heapUsed":190624992,"heapTotal":205357056,"percentUsed":92.83,"rss":462467072,"growthFromStart":47.75}}
{"check":1,"timestamp":"2026-04-25T15:00:43.328Z","elapsed":0,"status":"healthy","uptime":4.5522162,"memory":{"heapUsed":106139776,"heapTotal":240009216,"percentUsed":44.22,"rss":255619072,"growthFromStart":0}}
{"check":2,"timestamp":"2026-04-25T15:01:42.906Z","elapsed":60,"status":"degraded","uptime":64.133113,"memory":{"heapUsed":181234296,"heapTotal":192528384,"percentUsed":94.13,"rss":402542592,"growthFromStart":49.91}}
{"check":3,"timestamp":"2026-04-25T15:02:42.907Z","elapsed":120,"status":"degraded","uptime":124.1346635,"memory":{"heapUsed":183776064,"heapTotal":193839104,"percentUsed":94.81,"rss":408997888,"growthFromStart":50.59}}
{"check":4,"timestamp":"2026-04-25T15:03:42.917Z","elapsed":180,"status":"unhealthy","uptime":184.1450109,"memory":{"heapUsed":183958472,"heapTotal":192790528,"percentUsed":95.42,"rss":409735168,"growthFromStart":51.2}}
{"check":5,"timestamp":"2026-04-25T15:04:42.939Z","elapsed":240,"status":"unhealthy","uptime":244.1673713,"memory":{"heapUsed":184081632,"heapTotal":192790528,"percentUsed":95.48,"rss":409956352,"growthFromStart":51.26}}
{"check":6,"timestamp":"2026-04-25T15:05:42.963Z","elapsed":300,"status":"degraded","uptime":304.1907188,"memory":{"heapUsed":201725040,"heapTotal":218951680,"percentUsed":92.13,"rss":434696192,"growthFromStart":47.91}}
{"check":1,"timestamp":"2026-04-25T15:07:16.824Z","elapsed":0,"status":"healthy","uptime":3.0343213,"memory":{"heapUsed":105970184,"heapTotal":237322240,"percentUsed":44.65,"rss":263901184,"growthFromStart":0}}
{"check":1,"timestamp":"2026-04-25T15:08:47.640Z","elapsed":0,"status":"healthy","uptime":3.0923138,"memory":{"heapUsed":139152040,"heapTotal":235368448,"percentUsed":59.12,"rss":227594240,"growthFromStart":0}}
{"check":1,"timestamp":"2026-04-25T15:09:39.287Z","elapsed":0,"status":"healthy","uptime":15.3802616,"memory":{"heapUsed":86260840,"heapTotal":110424064,"percentUsed":78.12,"rss":178851840,"growthFromStart":0}}
{"check":2,"timestamp":"2026-04-25T15:10:38.965Z","elapsed":60,"status":"degraded","uptime":71.4706565,"memory":{"heapUsed":183264448,"heapTotal":197984256,"percentUsed":92.57,"rss":411508736,"growthFromStart":14.45}}
{"check":3,"timestamp":"2026-04-25T15:11:38.978Z","elapsed":120,"status":"healthy","uptime":133.8088208,"memory":{"heapUsed":206455632,"heapTotal":341688320,"percentUsed":60.42,"rss":528240640,"growthFromStart":-17.7}}
{"check":4,"timestamp":"2026-04-25T15:12:39.071Z","elapsed":180,"status":"healthy","uptime":195.1630559,"memory":{"heapUsed":280096360,"heapTotal":347795456,"percentUsed":80.53,"rss":606494720,"growthFromStart":2.41}}
{"check":5,"timestamp":"2026-04-25T15:13:38.996Z","elapsed":240,"status":"unhealthy","uptime":255.0889789,"memory":{"heapUsed":386213688,"heapTotal":398245888,"percentUsed":96.98,"rss":754745344,"growthFromStart":18.86}}
{"check":6,"timestamp":"2026-04-25T15:14:38.996Z","elapsed":300,"status":"unhealthy","uptime":315.0889148,"memory":{"heapUsed":388019272,"heapTotal":406585344,"percentUsed":95.43,"rss":774488064,"growthFromStart":17.31}}
{"check":7,"timestamp":"2026-04-25T15:15:38.997Z","elapsed":360,"status":"unhealthy","uptime":375.0899509,"memory":{"heapUsed":394712704,"heapTotal":405798912,"percentUsed":97.27,"rss":788492288,"growthFromStart":19.15}}
{"check":8,"timestamp":"2026-04-25T15:16:39.004Z","elapsed":420,"status":"unhealthy","uptime":435.0972093,"memory":{"heapUsed":393624368,"heapTotal":402653184,"percentUsed":97.76,"rss":788459520,"growthFromStart":19.64}}
{"check":9,"timestamp":"2026-04-25T15:17:39.015Z","elapsed":480,"status":"unhealthy","uptime":495.1078072,"memory":{"heapUsed":393779248,"heapTotal":402653184,"percentUsed":97.8,"rss":788459520,"growthFromStart":19.68}}
{"check":10,"timestamp":"2026-04-25T15:18:39.022Z","elapsed":540,"status":"unhealthy","uptime":555.1155075,"memory":{"heapUsed":393948856,"heapTotal":403963904,"percentUsed":97.52,"rss":788492288,"growthFromStart":19.4}}
{"check":1,"timestamp":"2026-04-25T15:21:05.659Z","elapsed":0,"status":"healthy","uptime":6.4056213,"memory":{"heapUsed":98641648,"heapTotal":229056512,"percentUsed":43.06,"rss":231043072,"growthFromStart":0}}
{"check":2,"timestamp":"2026-04-25T15:22:05.300Z","elapsed":60,"status":"healthy","uptime":62.8587218,"memory":{"heapUsed":337483184,"heapTotal":473075712,"percentUsed":71.34,"rss":717303808,"growthFromStart":28.28}}
{"check":3,"timestamp":"2026-04-25T15:23:05.781Z","elapsed":120,"status":"healthy","uptime":126.5322469,"memory":{"heapUsed":342695784,"heapTotal":469430272,"percentUsed":73,"rss":760770560,"growthFromStart":29.94}}
{"check":4,"timestamp":"2026-04-25T15:24:05.345Z","elapsed":180,"status":"degraded","uptime":186.0960236,"memory":{"heapUsed":380433840,"heapTotal":440000512,"percentUsed":86.46,"rss":745054208,"growthFromStart":43.4}}
{"check":5,"timestamp":"2026-04-25T15:25:05.340Z","elapsed":240,"status":"unhealthy","uptime":246.0901579,"memory":{"heapUsed":396593616,"heapTotal":407875584,"percentUsed":97.23,"rss":755478528,"growthFromStart":54.17}}
{"check":6,"timestamp":"2026-04-25T15:26:05.344Z","elapsed":300,"status":"degraded","uptime":306.0947449,"memory":{"heapUsed":367792232,"heapTotal":404484096,"percentUsed":90.93,"rss":719335424,"growthFromStart":47.87}}
{"check":7,"timestamp":"2026-04-25T15:27:05.345Z","elapsed":360,"status":"unhealthy","uptime":366.0962635,"memory":{"heapUsed":367624664,"heapTotal":381153280,"percentUsed":96.45,"rss":719196160,"growthFromStart":53.39}}
